<?xml version="1.0" encoding="UTF-8"?>
<testng-results ignored="0" total="1" passed="1" failed="0" skipped="0">
  <reporter-output>
  </reporter-output>
  <suite started-at="2024-04-10T16:51:54 IST" name="Default suite" finished-at="2024-04-10T16:51:58 IST" duration-ms="3986">
    <groups>
    </groups>
    <test started-at="2024-04-10T16:51:54 IST" name="Default test" finished-at="2024-04-10T16:51:58 IST" duration-ms="3986">
      <class name="tests.Index">
        <test-method is-config="true" signature="start()[pri:0, instance:tests.Index@815b41f]" started-at="2024-04-10T16:51:54 IST" name="start" finished-at="2024-04-10T16:51:57 IST" duration-ms="2793" status="PASS">
          <reporter-output>
          </reporter-output>
        </test-method> <!-- start -->
        <test-method signature="homePageTest()[pri:0, instance:tests.Index@815b41f]" started-at="2024-04-10T16:51:57 IST" name="homePageTest" finished-at="2024-04-10T16:51:58 IST" duration-ms="1154" status="PASS">
          <reporter-output>
          </reporter-output>
        </test-method> <!-- homePageTest -->
      </class> <!-- tests.Index -->
    </test> <!-- Default test -->
  </suite> <!-- Default suite -->
</testng-results>
