<?xml version="1.0" encoding="UTF-8"?>
<testng-results ignored="0" total="1" passed="1" failed="0" skipped="0">
  <reporter-output>
  </reporter-output>
  <suite started-at="2024-04-10T15:16:44 IST" name="Default suite" finished-at="2024-04-10T15:16:48 IST" duration-ms="3400">
    <groups>
    </groups>
    <test started-at="2024-04-10T15:16:44 IST" name="Default test" finished-at="2024-04-10T15:16:48 IST" duration-ms="3400">
      <class name="tests.Index">
        <test-method is-config="true" signature="start()[pri:0, instance:tests.Index@3b69e7d1]" started-at="2024-04-10T15:16:44 IST" name="start" finished-at="2024-04-10T15:16:47 IST" duration-ms="2374" status="PASS">
          <reporter-output>
          </reporter-output>
        </test-method> <!-- start -->
        <test-method signature="loginPageFunctions()[pri:0, instance:tests.Index@3b69e7d1]" started-at="2024-04-10T15:16:47 IST" name="loginPageFunctions" finished-at="2024-04-10T15:16:48 IST" duration-ms="981" status="PASS">
          <reporter-output>
          </reporter-output>
        </test-method> <!-- loginPageFunctions -->
      </class> <!-- tests.Index -->
    </test> <!-- Default test -->
  </suite> <!-- Default suite -->
</testng-results>
