<?xml version="1.0" encoding="UTF-8"?>
<!-- Generated by org.testng.reporters.JUnitXMLReporter -->
<testsuite ignored="2" hostname="Sasikumar" failures="0" tests="1" name="Default test" time="3.986" errors="0" timestamp="2024-04-10T16:51:58 IST">
  <testcase classname="tests.Index" name="homePageTest" time="1.154"/>
  <testcase classname="tests.Index" name="loginPageFunctions" time="0.0">
    <ignored/>
  </testcase> <!-- loginPageFunctions -->
  <testcase classname="tests.Index" name="loginPageUI" time="0.0">
    <ignored/>
  </testcase> <!-- loginPageUI -->
</testsuite> <!-- Default test -->
